<?xml version="1.0" encoding="UTF-8"?>
<testng-results ignored="0" total="3" passed="3" failed="0" skipped="0">
  <reporter-output>
  </reporter-output>
  <suite started-at="2023-10-06T19:25:08 IST" name="Default suite" finished-at="2023-10-06T19:25:34 IST" duration-ms="26137">
    <groups>
    </groups>
    <test started-at="2023-10-06T19:25:08 IST" name="Default test" finished-at="2023-10-06T19:25:34 IST" duration-ms="26137">
      <class name="TestNG.DataProviders">
        <test-method signature="demo(java.lang.String,java.lang.String)[pri:0, instance:TestNG.DataProviders@313ac989]" started-at="2023-10-06T19:25:08 IST" name="demo" data-provider="getData" finished-at="2023-10-06T19:25:16 IST" duration-ms="8776" status="PASS">
          <params>
            <param index="0">
              <value>
                <![CDATA[roja]]>
              </value>
            </param>
            <param index="1">
              <value>
                <![CDATA[sriram]]>
              </value>
            </param>
          </params>
          <reporter-output>
          </reporter-output>
        </test-method> <!-- demo -->
        <test-method signature="demo(java.lang.String,java.lang.String)[pri:0, instance:TestNG.DataProviders@313ac989]" started-at="2023-10-06T19:25:16 IST" name="demo" data-provider="getData" finished-at="2023-10-06T19:25:24 IST" duration-ms="7711" status="PASS">
          <params>
            <param index="0">
              <value>
                <![CDATA[akshaya]]>
              </value>
            </param>
            <param index="1">
              <value>
                <![CDATA[magathi]]>
              </value>
            </param>
          </params>
          <reporter-output>
          </reporter-output>
        </test-method> <!-- demo -->
        <test-method signature="demo(java.lang.String,java.lang.String)[pri:0, instance:TestNG.DataProviders@313ac989]" started-at="2023-10-06T19:25:24 IST" name="demo" data-provider="getData" finished-at="2023-10-06T19:25:34 IST" duration-ms="9582" status="PASS">
          <params>
            <param index="0">
              <value>
                <![CDATA[ram]]>
              </value>
            </param>
            <param index="1">
              <value>
                <![CDATA[rose]]>
              </value>
            </param>
          </params>
          <reporter-output>
          </reporter-output>
        </test-method> <!-- demo -->
      </class> <!-- TestNG.DataProviders -->
    </test> <!-- Default test -->
  </suite> <!-- Default suite -->
</testng-results>
